<?xml version="1.0" encoding="UTF-8"?>
<testng-results ignored="0" total="1" passed="0" failed="1" skipped="0">
  <reporter-output>
  </reporter-output>
  <suite started-at="2024-02-25T21:38:13 GMT-05:00" name="Default suite" finished-at="2024-02-25T21:38:22 GMT-05:00" duration-ms="9018">
    <groups>
      <group name="cucumber">
        <method signature="AbstractTestNGCucumberTests.runScenario(io.cucumber.testng.PickleWrapper,io.cucumber.testng.FeatureWrapper)[pri:0, instance:com.SalesForce.Runner.Runner@206a70ef]" name="runScenario" class="io.cucumber.testng.AbstractTestNGCucumberTests"/>
      </group> <!-- cucumber -->
    </groups>
    <test started-at="2024-02-25T21:38:13 GMT-05:00" name="Default test" finished-at="2024-02-25T21:38:22 GMT-05:00" duration-ms="9018">
      <class name="com.SalesForce.Runner.Runner">
        <test-method is-config="true" signature="setUpClass(org.testng.ITestContext)[pri:0, instance:com.SalesForce.Runner.Runner@206a70ef]" started-at="2024-02-25T21:38:13 GMT-05:00" name="setUpClass" finished-at="2024-02-25T21:38:14 GMT-05:00" duration-ms="1112" status="PASS">
          <params>
            <param index="0">
              <value>
                <![CDATA[org.testng.TestRunner@2cd62003]]>
              </value>
            </param>
          </params>
          <reporter-output>
          </reporter-output>
        </test-method> <!-- setUpClass -->
        <test-method signature="runScenario(io.cucumber.testng.PickleWrapper,io.cucumber.testng.FeatureWrapper)[pri:0, instance:com.SalesForce.Runner.Runner@206a70ef]" started-at="2024-02-25T21:38:14 GMT-05:00" name="runScenario" description="Runs Cucumber Scenarios" data-provider="scenarios" finished-at="2024-02-25T21:38:22 GMT-05:00" duration-ms="7816" status="FAIL">
          <params>
            <param index="0">
              <value>
                <![CDATA["forgot password"]]>
              </value>
            </param>
            <param index="1">
              <value>
                <![CDATA["checking login functionality"]]>
              </value>
            </param>
          </params>
          <exception class="java.lang.AssertionError">
            <message>
              <![CDATA[expected [Check Your Email | Salesforce] but found [Forgot Your Password | Salesforce]]]>
            </message>
            <full-stacktrace>
              <![CDATA[java.lang.AssertionError: expected [Check Your Email | Salesforce] but found [Forgot Your Password | Salesforce]
at org.testng.Assert.fail(Assert.java:110)
at org.testng.Assert.failNotEquals(Assert.java:1577)
at org.testng.Assert.assertEqualsImpl(Assert.java:149)
at org.testng.Assert.assertEquals(Assert.java:131)
at org.testng.Assert.assertEquals(Assert.java:655)
at org.testng.Assert.assertEquals(Assert.java:665)
at com.SalesForce.StepDef.SalesForceStepDef.should_see_the_password_reset_message(SalesForceStepDef.java:197)
at âœ½.should see the password reset message(file:///C:/Users/VIBIN/eclipse-workspace/SalesForceCucumberFrameWork/src/test/resources/features/SalesForceLogin.feature:42)
]]>
            </full-stacktrace>
          </exception> <!-- java.lang.AssertionError -->
          <reporter-output>
          </reporter-output>
        </test-method> <!-- runScenario -->
        <test-method is-config="true" signature="tearDownClass()[pri:0, instance:com.SalesForce.Runner.Runner@206a70ef]" started-at="2024-02-25T21:38:22 GMT-05:00" name="tearDownClass" finished-at="2024-02-25T21:38:22 GMT-05:00" duration-ms="4" status="PASS">
          <reporter-output>
          </reporter-output>
        </test-method> <!-- tearDownClass -->
      </class> <!-- com.SalesForce.Runner.Runner -->
    </test> <!-- Default test -->
  </suite> <!-- Default suite -->
</testng-results>
